  Compiling CUDA source file san.cu...
  
  C:\Users\james hazelden\source\repos\SAN\SAN>"C:\Program Files\NVIDIA GPU Computing Toolkit\CUDA\v11.1\bin\nvcc.exe" -gencode=arch=compute_52,code=\"sm_52,compute_52\" --use-local-env -ccbin "C:\Program Files (x86)\Microsoft Visual Studio\2019\Community\VC\Tools\MSVC\14.28.29333\bin\HostX86\x64" -x cu   -I"C:\Program Files\NVIDIA GPU Computing Toolkit\CUDA\v11.1\include" -I"C:\Program Files\NVIDIA GPU Computing Toolkit\CUDA\v11.1\include"     --keep-dir x64\Release -maxrregcount=0  --machine 64 --compile -cudart static     -DWIN32 -DWIN64 -DNDEBUG -D_CONSOLE -D_MBCS -Xcompiler "/EHsc /W3 /nologo /O2 /Fdx64\Release\vc142.pdb /FS   /MD " -o x64\Release\san.cu.obj "C:\Users\james hazelden\source\repos\SAN\SAN\san.cu" 
  san.cu
C:/Users/james hazelden/source/repos/SAN/SAN/san.cu(17): warning C4305: 'initializing': truncation from 'double' to 'const float'
C:/Users/james hazelden/source/repos/SAN/SAN/san.cu(18): warning C4305: 'initializing': truncation from 'double' to 'const float'
C:/Users/james hazelden/source/repos/SAN/SAN/san.cu(32): warning C4305: 'initializing': truncation from 'double' to 'const float'
C:/Users/james hazelden/source/repos/SAN/SAN/san.cu(33): warning C4305: 'initializing': truncation from 'double' to 'const float'
C:/Users/james hazelden/source/repos/SAN/SAN/san.cu(34): warning C4305: 'initializing': truncation from 'double' to 'const float'
C:/Users/james hazelden/source/repos/SAN/SAN/san.cu(35): warning C4305: 'initializing': truncation from 'double' to 'const float'
C:/Users/james hazelden/source/repos/SAN/SAN/san.cu(36): warning C4305: 'initializing': truncation from 'double' to 'const float'
C:/Users/james hazelden/source/repos/SAN/SAN/san.cu(37): warning C4305: 'initializing': truncation from 'double' to 'const float'
C:/Users/james hazelden/source/repos/SAN/SAN/san.cu(38): warning C4305: 'initializing': truncation from 'double' to 'const float'
C:/Users/james hazelden/source/repos/SAN/SAN/san.cu(39): warning C4305: 'initializing': truncation from 'double' to 'const float'
C:/Users/james hazelden/source/repos/SAN/SAN/san.cu(40): warning C4305: 'initializing': truncation from 'double' to 'const float'
C:/Users/james hazelden/source/repos/SAN/SAN/san.cu(41): warning C4305: 'initializing': truncation from 'double' to 'const float'
C:/Users/james hazelden/source/repos/SAN/SAN/san.cu(42): warning C4305: 'initializing': truncation from 'double' to 'const float'
C:/Users/james hazelden/source/repos/SAN/SAN/san.cu(43): warning C4305: 'initializing': truncation from 'double' to 'const float'
C:/Users/james hazelden/source/repos/SAN/SAN/san.cu(44): warning C4305: 'initializing': truncation from 'double' to 'const float'
C:/Users/james hazelden/source/repos/SAN/SAN/san.cu(46): warning C4305: 'initializing': truncation from 'double' to 'const float'
C:/Users/james hazelden/source/repos/SAN/SAN/san.cu(53): warning C4305: 'initializing': truncation from 'double' to 'float'
C:/Users/james hazelden/source/repos/SAN/SAN/san.cu(65): warning C4244: 'argument': conversion from 'double' to 'float', possible loss of data
C:/Users/james hazelden/source/repos/SAN/SAN/san.cu(67): warning C4244: '=': conversion from 'double' to 'float', possible loss of data
C:/Users/james hazelden/source/repos/SAN/SAN/san.cu(68): warning C4244: '=': conversion from 'double' to 'float', possible loss of data
C:/Users/james hazelden/source/repos/SAN/SAN/san.cu(88): warning C4244: 'argument': conversion from 'double' to 'float', possible loss of data
C:/Users/james hazelden/source/repos/SAN/SAN/san.cu(96): warning C4305: 'initializing': truncation from 'double' to 'float'
C:/Users/james hazelden/source/repos/SAN/SAN/san.cu(107): warning C4244: 'argument': conversion from 'double' to 'float', possible loss of data
C:/Users/james hazelden/source/repos/SAN/SAN/san.cu(109): warning C4244: '=': conversion from 'double' to 'float', possible loss of data
C:/Users/james hazelden/source/repos/SAN/SAN/san.cu(110): warning C4244: '=': conversion from 'double' to 'float', possible loss of data
C:/Users/james hazelden/source/repos/SAN/SAN/san.cu(139): warning C4305: 'initializing': truncation from 'double' to 'const float'
C:/Users/james hazelden/source/repos/SAN/SAN/san.cu(140): warning C4305: 'initializing': truncation from 'double' to 'const float'
C:/Users/james hazelden/source/repos/SAN/SAN/san.cu(157): warning C4244: '=': conversion from 'double' to 'float', possible loss of data
C:/Users/james hazelden/source/repos/SAN/SAN/san.cu(158): warning C4244: '=': conversion from 'double' to 'float', possible loss of data
C:/Users/james hazelden/source/repos/SAN/SAN/san.cu(159): warning C4244: '=': conversion from 'double' to 'float', possible loss of data
C:/Users/james hazelden/source/repos/SAN/SAN/san.cu(162): warning C4244: '=': conversion from 'double' to 'float', possible loss of data
C:/Users/james hazelden/source/repos/SAN/SAN/san.cu(163): warning C4244: '=': conversion from 'double' to 'float', possible loss of data
C:/Users/james hazelden/source/repos/SAN/SAN/san.cu(193): warning C4244: 'initializing': conversion from 'double' to 'int', possible loss of data
     Creating library C:\Users\james hazelden\source\repos\SAN\x64\Release\SAN.lib and object C:\Users\james hazelden\source\repos\SAN\x64\Release\SAN.exp
  LINK : /LTCG specified but no code generation required; remove /LTCG from the link command line to improve linker performance
  SAN.vcxproj -> C:\Users\james hazelden\source\repos\SAN\x64\Release\SAN.exe
